<?xml version="1.0" encoding="UTF-8"?>
<!-- Generated by org.testng.reporters.JUnitXMLReporter -->
<testsuite hostname="LAPTOP-8A6PPD0H" ignored="0" name="Test" tests="3" failures="0" timestamp="2023-01-31T15:02:21 IST" time="1.492" errors="0">
  <testcase name="test01" time="0.034" classname="com.tests.LoginTest"/>
  <testcase name="test02" time="1.328" classname="com.tests.LoginTest"/>
  <testcase name="test03" time="0.003" classname="com.tests.LoginTest">
    <skipped/>
  </testcase> <!-- test03 -->
</testsuite> <!-- Test -->
