<?xml version="1.0" encoding="UTF-8"?>
<testng-results skipped="1" failed="0" ignored="0" total="3" passed="2">
  <reporter-output>
  </reporter-output>
  <suite name="Suite" duration-ms="1492" started-at="2023-01-31T15:02:20 IST" finished-at="2023-01-31T15:02:21 IST">
    <groups>
    </groups>
    <test name="Test" duration-ms="1492" started-at="2023-01-31T15:02:20 IST" finished-at="2023-01-31T15:02:21 IST">
      <class name="com.tests.LoginTest">
        <test-method status="PASS" signature="steup()[pri:0, instance:com.tests.LoginTest@25af5db5]" name="steup" is-config="true" duration-ms="6345" started-at="2023-01-31T15:02:13 IST" finished-at="2023-01-31T15:02:20 IST">
          <reporter-output>
          </reporter-output>
        </test-method> <!-- steup -->
        <test-method status="PASS" signature="test01()[pri:0, instance:com.tests.LoginTest@25af5db5]" name="test01" duration-ms="34" started-at="2023-01-31T15:02:20 IST" finished-at="2023-01-31T15:02:20 IST">
          <reporter-output>
          </reporter-output>
        </test-method> <!-- test01 -->
        <test-method status="PASS" signature="test02()[pri:0, instance:com.tests.LoginTest@25af5db5]" name="test02" duration-ms="1328" started-at="2023-01-31T15:02:20 IST" finished-at="2023-01-31T15:02:21 IST">
          <reporter-output>
          </reporter-output>
        </test-method> <!-- test02 -->
        <test-method status="SKIP" signature="test03()[pri:0, instance:com.tests.LoginTest@25af5db5]" name="test03" duration-ms="3" started-at="2023-01-31T15:02:21 IST" finished-at="2023-01-31T15:02:21 IST">
          <exception class="org.testng.SkipException">
            <message>
              <![CDATA[skippin testcase]]>
            </message>
            <full-stacktrace>
              <![CDATA[org.testng.SkipException: skippin testcase
at com.tests.LoginTest.test03(LoginTest.java:31)
at sun.reflect.NativeMethodAccessorImpl.invoke0(Native Method)
at sun.reflect.NativeMethodAccessorImpl.invoke(NativeMethodAccessorImpl.java:62)
at sun.reflect.DelegatingMethodAccessorImpl.invoke(DelegatingMethodAccessorImpl.java:43)
at java.lang.reflect.Method.invoke(Method.java:498)
at org.testng.internal.MethodInvocationHelper.invokeMethod(MethodInvocationHelper.java:133)
at org.testng.internal.TestInvoker.invokeMethod(TestInvoker.java:598)
at org.testng.internal.TestInvoker.invokeTestMethod(TestInvoker.java:173)
at org.testng.internal.MethodRunner.runInSequence(MethodRunner.java:46)
at org.testng.internal.TestInvoker$MethodInvocationAgent.invoke(TestInvoker.java:824)
at org.testng.internal.TestInvoker.invokeTestMethods(TestInvoker.java:146)
at org.testng.internal.TestMethodWorker.invokeTestMethods(TestMethodWorker.java:146)
at org.testng.internal.TestMethodWorker.run(TestMethodWorker.java:128)
at java.util.ArrayList.forEach(ArrayList.java:1249)
at org.testng.TestRunner.privateRun(TestRunner.java:794)
at org.testng.TestRunner.run(TestRunner.java:596)
at org.testng.SuiteRunner.runTest(SuiteRunner.java:377)
at org.testng.SuiteRunner.runSequentially(SuiteRunner.java:371)
at org.testng.SuiteRunner.privateRun(SuiteRunner.java:332)
at org.testng.SuiteRunner.run(SuiteRunner.java:276)
at org.testng.SuiteRunnerWorker.runSuite(SuiteRunnerWorker.java:53)
at org.testng.SuiteRunnerWorker.run(SuiteRunnerWorker.java:96)
at org.testng.TestNG.runSuitesSequentially(TestNG.java:1212)
at org.testng.TestNG.runSuitesLocally(TestNG.java:1134)
at org.testng.TestNG.runSuites(TestNG.java:1063)
at org.testng.TestNG.run(TestNG.java:1031)
at org.testng.remote.AbstractRemoteTestNG.run(AbstractRemoteTestNG.java:115)
at org.testng.remote.RemoteTestNG.initAndRun(RemoteTestNG.java:251)
at org.testng.remote.RemoteTestNG.main(RemoteTestNG.java:77)
]]>
            </full-stacktrace>
          </exception> <!-- org.testng.SkipException -->
          <reporter-output>
          </reporter-output>
        </test-method> <!-- test03 -->
      </class> <!-- com.tests.LoginTest -->
    </test> <!-- Test -->
  </suite> <!-- Suite -->
</testng-results>
